<?xml version="1.0" encoding="UTF-8"?>
<testsuite name="SILab2Test" tests="1" skipped="0" failures="0" errors="0" timestamp="2020-06-02T21:28:16" hostname="DRILON-PC" time="0.043">
  <properties/>
  <testcase name="multipleCondition()" classname="SILab2Test" time="0.043"/>
  <system-out><![CDATA[]]></system-out>
  <system-err><![CDATA[]]></system-err>
</testsuite>
